<component name="libraryTable">
  <library name="JUnit5-runner">
    <CLASSES>
      <root url="jar://$PROJECT_DIR$/Java/lib/test/junit-platform-launcher-1.0.0-M3.jar!/" />
      <root url="jar://$PROJECT_DIR$/Java/lib/test/junit-platform-runner-1.0.0-M3.jar!/" />
    </CLASSES>
    <JAVADOC>
      <root url="jar://$PROJECT_DIR$/Java/lib/test/junit-platform-launcher-1.0.0-M3-javadoc.jar!/" />
      <root url="jar://$PROJECT_DIR$/Java/lib/test/junit-platform-runner-1.0.0-M3-javadoc.jar!/" />
    </JAVADOC>
    <SOURCES>
      <root url="jar://$PROJECT_DIR$/Java/lib/test/junit-platform-runner-1.0.0-M3-sources.jar!/" />
      <root url="jar://$PROJECT_DIR$/Java/lib/test/junit-platform-launcher-1.0.0-M3-sources.jar!/" />
    </SOURCES>
  </library>
</component>